0 info it worked if it ends with ok
1 verbose cli [ 'D:\\nodejs\\node.exe',
1 verbose cli   'D:\\nodejs\\node_modules\\npm\\bin\\npm-cli.js',
1 verbose cli   'run',
1 verbose cli   'start' ]
2 info using npm@3.10.8
3 info using node@v6.9.1
4 verbose run-script [ 'prestart', 'start', 'poststart' ]
5 info lifecycle qmgj@0.0.0~prestart: qmgj@0.0.0
6 silly lifecycle qmgj@0.0.0~prestart: no script for prestart, continuing
7 info lifecycle qmgj@0.0.0~start: qmgj@0.0.0
8 verbose lifecycle qmgj@0.0.0~start: unsafe-perm in lifecycle true
9 verbose lifecycle qmgj@0.0.0~start: PATH: D:\nodejs\node_modules\npm\bin\node-gyp-bin;C:\Users\Administrator\Desktop\qmgj-cls\qmgj-cls\node_modules\.bin;C:\Windows\system32;C:\Windows;C:\Windows\System32\Wbem;C:\Windows\System32\WindowsPowerShell\v1.0\;D:\Program Files\bin;D:\nodejs\;D:\Program Files\Git\cmd;D:\mongodb\bin;C:\Program Files\Java\jdk1.7.0_80\bin;C:\Users\Administrator\Desktop\tomcat-7.0.42lib;D:\Program Files\Git;D:\Program Files (x86)\Sublime Text 3;C:\Users\Administrator\AppData\Roaming\npm
10 verbose lifecycle qmgj@0.0.0~start: CWD: C:\Users\Administrator\Desktop\qmgj-cls\qmgj-cls
11 silly lifecycle qmgj@0.0.0~start: Args: [ '/d /s /c', 'node ./bin/www' ]
12 silly lifecycle qmgj@0.0.0~start: Returned: code: 3221225786  signal: null
13 info lifecycle qmgj@0.0.0~start: Failed to exec start script
14 verbose stack Error: qmgj@0.0.0 start: `node ./bin/www`
14 verbose stack Exit status 3221225786
14 verbose stack     at EventEmitter.<anonymous> (D:\nodejs\node_modules\npm\lib\utils\lifecycle.js:255:16)
14 verbose stack     at emitTwo (events.js:106:13)
14 verbose stack     at EventEmitter.emit (events.js:191:7)
14 verbose stack     at ChildProcess.<anonymous> (D:\nodejs\node_modules\npm\lib\utils\spawn.js:40:14)
14 verbose stack     at emitTwo (events.js:106:13)
14 verbose stack     at ChildProcess.emit (events.js:191:7)
14 verbose stack     at maybeClose (internal/child_process.js:877:16)
14 verbose stack     at Process.ChildProcess._handle.onexit (internal/child_process.js:226:5)
15 verbose pkgid qmgj@0.0.0
16 verbose cwd C:\Users\Administrator\Desktop\qmgj-cls\qmgj-cls
17 error Windows_NT 6.1.7601
18 error argv "D:\\nodejs\\node.exe" "D:\\nodejs\\node_modules\\npm\\bin\\npm-cli.js" "run" "start"
19 error node v6.9.1
20 error npm  v3.10.8
21 error code ELIFECYCLE
22 error qmgj@0.0.0 start: `node ./bin/www`
22 error Exit status 3221225786
23 error Failed at the qmgj@0.0.0 start script 'node ./bin/www'.
23 error Make sure you have the latest version of node.js and npm installed.
23 error If you do, this is most likely a problem with the qmgj package,
23 error not with npm itself.
23 error Tell the author that this fails on your system:
23 error     node ./bin/www
23 error You can get information on how to open an issue for this project with:
23 error     npm bugs qmgj
23 error Or if that isn't available, you can get their info via:
23 error     npm owner ls qmgj
23 error There is likely additional logging output above.
24 verbose exit [ 1, true ]
